<?xml version="1.0" encoding="UTF-8"?>
<testng-results ignored="0" total="2" passed="2" failed="0" skipped="0">
  <reporter-output>
  </reporter-output>
  <suite started-at="2024-02-01T19:52:58 IST" name="Demo Blaze Application Automation Test Suite" finished-at="2024-02-01T19:53:17 IST" duration-ms="18996">
    <groups>
    </groups>
    <test started-at="2024-02-01T19:52:58 IST" name="Demo Blaze" finished-at="2024-02-01T19:53:17 IST" duration-ms="18996">
      <class name="com.Testcases.DemoBlazeTest">
        <test-method is-config="true" signature="setup()[pri:0, instance:com.Testcases.DemoBlazeTest@6cd28fa7]" started-at="2024-02-01T19:53:09 IST" name="setup" finished-at="2024-02-01T19:53:14 IST" duration-ms="4622" status="PASS">
          <reporter-output>
          </reporter-output>
        </test-method> <!-- setup -->
        <test-method signature="demoblazetest()[pri:0, instance:com.Testcases.DemoBlazeTest@6cd28fa7]" started-at="2024-02-01T19:53:14 IST" name="demoblazetest" finished-at="2024-02-01T19:53:17 IST" duration-ms="3184" status="PASS">
          <reporter-output>
          </reporter-output>
        </test-method> <!-- demoblazetest -->
        <test-method is-config="true" signature="tearDown()[pri:0, instance:com.Testcases.DemoBlazeTest@6cd28fa7]" started-at="2024-02-01T19:53:17 IST" name="tearDown" finished-at="2024-02-01T19:53:17 IST" duration-ms="376" status="PASS">
          <reporter-output>
          </reporter-output>
        </test-method> <!-- tearDown -->
      </class> <!-- com.Testcases.DemoBlazeTest -->
      <class name="TestCases.DemoBlazeEndToEnd">
        <test-method signature="democlass()[pri:0, instance:TestCases.DemoBlazeEndToEnd@156b88f5]" started-at="2024-02-01T19:52:58 IST" name="democlass" finished-at="2024-02-01T19:53:09 IST" duration-ms="10775" status="PASS">
          <reporter-output>
          </reporter-output>
        </test-method> <!-- democlass -->
      </class> <!-- TestCases.DemoBlazeEndToEnd -->
    </test> <!-- Demo Blaze -->
  </suite> <!-- Demo Blaze Application Automation Test Suite -->
</testng-results>
